2024/10/15 20:00:34 [notice] 1#1: signal 3 (SIGQUIT) received, shutting down
2024/10/15 20:00:34 [notice] 20#20: gracefully shutting down
2024/10/15 20:00:34 [notice] 25#25: gracefully shutting down
2024/10/15 20:00:34 [notice] 21#21: gracefully shutting down
2024/10/15 20:00:34 [notice] 21#21: exiting
2024/10/15 20:00:34 [notice] 22#22: gracefully shutting down
2024/10/15 20:00:34 [notice] 22#22: exiting
2024/10/15 20:00:34 [notice] 24#24: gracefully shutting down
2024/10/15 20:00:34 [notice] 20#20: exiting
2024/10/15 20:00:34 [notice] 23#23: gracefully shutting down
2024/10/15 20:00:34 [notice] 23#23: exiting
2024/10/15 20:00:34 [notice] 27#27: gracefully shutting down
2024/10/15 20:00:34 [notice] 23#23: exit
2024/10/15 20:00:34 [notice] 30#30: gracefully shutting down
2024/10/15 20:00:34 [notice] 30#30: exiting
2024/10/15 20:00:34 [notice] 31#31: gracefully shutting down
2024/10/15 20:00:34 [notice] 30#30: exit
2024/10/15 20:00:34 [notice] 29#29: gracefully shutting down
2024/10/15 20:00:34 [notice] 29#29: exiting
2024/10/15 20:00:34 [notice] 26#26: gracefully shutting down
2024/10/15 20:00:34 [notice] 26#26: exiting
2024/10/15 20:00:34 [notice] 28#28: gracefully shutting down
2024/10/15 20:00:34 [notice] 25#25: exiting
2024/10/15 20:00:34 [notice] 21#21: exit
2024/10/15 20:00:34 [notice] 25#25: exit
2024/10/15 20:00:34 [notice] 22#22: exit
2024/10/15 20:00:34 [notice] 24#24: exiting
2024/10/15 20:00:34 [notice] 20#20: exit
2024/10/15 20:00:34 [notice] 27#27: exiting
2024/10/15 20:00:34 [notice] 31#31: exiting
2024/10/15 20:00:34 [notice] 29#29: exit
2024/10/15 20:00:34 [notice] 26#26: exit
2024/10/15 20:00:34 [notice] 28#28: exiting
2024/10/15 20:00:34 [notice] 24#24: exit
2024/10/15 20:00:34 [notice] 28#28: exit
2024/10/15 20:00:34 [notice] 27#27: exit
2024/10/15 20:00:34 [notice] 31#31: exit
2024/10/15 20:00:34 [notice] 1#1: signal 17 (SIGCHLD) received from 28
2024/10/15 20:00:34 [notice] 1#1: worker process 20 exited with code 0
2024/10/15 20:00:34 [notice] 1#1: worker process 21 exited with code 0
2024/10/15 20:00:34 [notice] 1#1: worker process 22 exited with code 0
2024/10/15 20:00:34 [notice] 1#1: worker process 23 exited with code 0
2024/10/15 20:00:34 [notice] 1#1: worker process 24 exited with code 0
2024/10/15 20:00:34 [notice] 1#1: worker process 25 exited with code 0
2024/10/15 20:00:34 [notice] 1#1: worker process 26 exited with code 0
2024/10/15 20:00:34 [notice] 1#1: worker process 28 exited with code 0
2024/10/15 20:00:34 [notice] 1#1: worker process 29 exited with code 0
2024/10/15 20:00:34 [notice] 1#1: worker process 30 exited with code 0
2024/10/15 20:00:34 [notice] 1#1: worker process 31 exited with code 0
2024/10/15 20:00:34 [notice] 1#1: signal 29 (SIGIO) received
2024/10/15 20:00:34 [notice] 1#1: signal 17 (SIGCHLD) received from 31
2024/10/15 20:00:34 [notice] 1#1: signal 17 (SIGCHLD) received from 27
2024/10/15 20:00:34 [notice] 1#1: worker process 27 exited with code 0
2024/10/15 20:00:34 [notice] 1#1: exit
2024/10/15 20:00:46 [notice] 1#1: using the "epoll" event method
2024/10/15 20:00:46 [notice] 1#1: nginx/1.27.2
2024/10/15 20:00:46 [notice] 1#1: built by gcc 13.2.1 20240309 (Alpine 13.2.1_git20240309) 
2024/10/15 20:00:46 [notice] 1#1: OS: Linux 6.10.4-linuxkit
2024/10/15 20:00:46 [notice] 1#1: getrlimit(RLIMIT_NOFILE): 1048576:1048576
2024/10/15 20:00:46 [notice] 1#1: start worker processes
2024/10/15 20:00:46 [notice] 1#1: start worker process 20
2024/10/15 20:00:46 [notice] 1#1: start worker process 21
2024/10/15 20:00:46 [notice] 1#1: start worker process 22
2024/10/15 20:00:46 [notice] 1#1: start worker process 23
2024/10/15 20:00:46 [notice] 1#1: start worker process 24
2024/10/15 20:00:46 [notice] 1#1: start worker process 25
2024/10/15 20:00:46 [notice] 1#1: start worker process 26
2024/10/15 20:00:46 [notice] 1#1: start worker process 27
2024/10/15 20:00:46 [notice] 1#1: start worker process 28
2024/10/15 20:00:46 [notice] 1#1: start worker process 29
2024/10/15 20:00:46 [notice] 1#1: start worker process 30
2024/10/15 20:00:46 [notice] 1#1: start worker process 31
2024/10/15 20:02:33 [notice] 1#1: signal 3 (SIGQUIT) received, shutting down
2024/10/15 20:02:33 [notice] 20#20: gracefully shutting down
2024/10/15 20:02:33 [notice] 27#27: gracefully shutting down
2024/10/15 20:02:33 [notice] 21#21: gracefully shutting down
2024/10/15 20:02:33 [notice] 21#21: exiting
2024/10/15 20:02:33 [notice] 22#22: gracefully shutting down
2024/10/15 20:02:33 [notice] 21#21: exit
2024/10/15 20:02:33 [notice] 23#23: gracefully shutting down
2024/10/15 20:02:33 [notice] 23#23: exiting
2024/10/15 20:02:33 [notice] 24#24: gracefully shutting down
2024/10/15 20:02:33 [notice] 24#24: exiting
2024/10/15 20:02:33 [notice] 25#25: gracefully shutting down
2024/10/15 20:02:33 [notice] 25#25: exiting
2024/10/15 20:02:33 [notice] 28#28: gracefully shutting down
2024/10/15 20:02:33 [notice] 30#30: gracefully shutting down
2024/10/15 20:02:33 [notice] 30#30: exiting
2024/10/15 20:02:33 [notice] 31#31: gracefully shutting down
2024/10/15 20:02:33 [notice] 31#31: exiting
2024/10/15 20:02:33 [notice] 26#26: gracefully shutting down
2024/10/15 20:02:33 [notice] 26#26: exiting
2024/10/15 20:02:33 [notice] 20#20: exiting
2024/10/15 20:02:33 [notice] 26#26: exit
2024/10/15 20:02:33 [notice] 29#29: gracefully shutting down
2024/10/15 20:02:33 [notice] 29#29: exiting
2024/10/15 20:02:33 [notice] 27#27: exiting
2024/10/15 20:02:33 [notice] 22#22: exiting
2024/10/15 20:02:33 [notice] 23#23: exit
2024/10/15 20:02:33 [notice] 24#24: exit
2024/10/15 20:02:33 [notice] 25#25: exit
2024/10/15 20:02:33 [notice] 28#28: exiting
2024/10/15 20:02:33 [notice] 30#30: exit
2024/10/15 20:02:33 [notice] 31#31: exit
2024/10/15 20:02:33 [notice] 20#20: exit
2024/10/15 20:02:33 [notice] 29#29: exit
2024/10/15 20:02:33 [notice] 27#27: exit
2024/10/15 20:02:33 [notice] 22#22: exit
2024/10/15 20:02:33 [notice] 28#28: exit
2024/10/15 20:02:33 [notice] 1#1: signal 17 (SIGCHLD) received from 21
2024/10/15 20:02:33 [notice] 1#1: worker process 21 exited with code 0
2024/10/15 20:02:33 [notice] 1#1: signal 29 (SIGIO) received
2024/10/15 20:02:33 [notice] 1#1: signal 17 (SIGCHLD) received from 26
2024/10/15 20:02:33 [notice] 1#1: worker process 26 exited with code 0
2024/10/15 20:02:33 [notice] 1#1: signal 29 (SIGIO) received
2024/10/15 20:02:33 [notice] 1#1: signal 17 (SIGCHLD) received from 23
2024/10/15 20:02:33 [notice] 1#1: worker process 23 exited with code 0
2024/10/15 20:02:33 [notice] 1#1: worker process 24 exited with code 0
2024/10/15 20:02:33 [notice] 1#1: worker process 30 exited with code 0
2024/10/15 20:02:33 [notice] 1#1: worker process 31 exited with code 0
2024/10/15 20:02:33 [notice] 1#1: signal 29 (SIGIO) received
2024/10/15 20:02:33 [notice] 1#1: signal 17 (SIGCHLD) received from 31
2024/10/15 20:02:33 [notice] 1#1: signal 17 (SIGCHLD) received from 25
2024/10/15 20:02:33 [notice] 1#1: worker process 22 exited with code 0
2024/10/15 20:02:33 [notice] 1#1: worker process 25 exited with code 0
2024/10/15 20:02:33 [notice] 1#1: worker process 28 exited with code 0
2024/10/15 20:02:33 [notice] 1#1: signal 29 (SIGIO) received
2024/10/15 20:02:33 [notice] 1#1: signal 17 (SIGCHLD) received from 29
2024/10/15 20:02:33 [notice] 1#1: worker process 20 exited with code 0
2024/10/15 20:02:33 [notice] 1#1: worker process 27 exited with code 0
2024/10/15 20:02:33 [notice] 1#1: worker process 29 exited with code 0
2024/10/15 20:02:33 [notice] 1#1: exit
2024/10/16 05:55:32 [notice] 1#1: using the "epoll" event method
2024/10/16 05:55:32 [notice] 1#1: nginx/1.27.2
2024/10/16 05:55:32 [notice] 1#1: built by gcc 13.2.1 20240309 (Alpine 13.2.1_git20240309) 
2024/10/16 05:55:32 [notice] 1#1: OS: Linux 6.10.4-linuxkit
2024/10/16 05:55:32 [notice] 1#1: getrlimit(RLIMIT_NOFILE): 1048576:1048576
2024/10/16 05:55:32 [notice] 1#1: start worker processes
2024/10/16 05:55:32 [notice] 1#1: start worker process 20
2024/10/16 05:55:32 [notice] 1#1: start worker process 21
2024/10/16 05:55:32 [notice] 1#1: start worker process 22
2024/10/16 05:55:32 [notice] 1#1: start worker process 23
2024/10/16 05:55:32 [notice] 1#1: start worker process 24
2024/10/16 05:55:32 [notice] 1#1: start worker process 25
2024/10/16 05:55:32 [notice] 1#1: start worker process 26
2024/10/16 05:55:32 [notice] 1#1: start worker process 27
2024/10/16 05:55:32 [notice] 1#1: start worker process 28
2024/10/16 05:55:32 [notice] 1#1: start worker process 29
2024/10/16 05:55:32 [notice] 1#1: start worker process 30
2024/10/16 05:55:32 [notice] 1#1: start worker process 31
2024/10/16 05:55:57 [notice] 1#1: signal 3 (SIGQUIT) received, shutting down
2024/10/16 05:55:57 [notice] 20#20: gracefully shutting down
2024/10/16 05:55:57 [notice] 20#20: exiting
2024/10/16 05:55:57 [notice] 21#21: gracefully shutting down
2024/10/16 05:55:57 [notice] 21#21: exiting
2024/10/16 05:55:57 [notice] 23#23: gracefully shutting down
2024/10/16 05:55:57 [notice] 23#23: exiting
2024/10/16 05:55:57 [notice] 22#22: gracefully shutting down
2024/10/16 05:55:57 [notice] 22#22: exiting
2024/10/16 05:55:57 [notice] 24#24: gracefully shutting down
2024/10/16 05:55:57 [notice] 24#24: exiting
2024/10/16 05:55:57 [notice] 25#25: gracefully shutting down
2024/10/16 05:55:57 [notice] 25#25: exiting
2024/10/16 05:55:57 [notice] 26#26: gracefully shutting down
2024/10/16 05:55:57 [notice] 26#26: exiting
2024/10/16 05:55:57 [notice] 27#27: gracefully shutting down
2024/10/16 05:55:57 [notice] 27#27: exiting
2024/10/16 05:55:57 [notice] 28#28: gracefully shutting down
2024/10/16 05:55:57 [notice] 28#28: exiting
2024/10/16 05:55:57 [notice] 29#29: gracefully shutting down
2024/10/16 05:55:57 [notice] 29#29: exiting
2024/10/16 05:55:57 [notice] 30#30: gracefully shutting down
2024/10/16 05:55:57 [notice] 29#29: exit
2024/10/16 05:55:57 [notice] 31#31: gracefully shutting down
2024/10/16 05:55:57 [notice] 31#31: exiting
2024/10/16 05:55:57 [notice] 20#20: exit
2024/10/16 05:55:57 [notice] 21#21: exit
2024/10/16 05:55:57 [notice] 23#23: exit
2024/10/16 05:55:57 [notice] 22#22: exit
2024/10/16 05:55:57 [notice] 24#24: exit
2024/10/16 05:55:57 [notice] 25#25: exit
2024/10/16 05:55:57 [notice] 26#26: exit
2024/10/16 05:55:57 [notice] 27#27: exit
2024/10/16 05:55:57 [notice] 28#28: exit
2024/10/16 05:55:57 [notice] 30#30: exiting
2024/10/16 05:55:57 [notice] 31#31: exit
2024/10/16 05:55:57 [notice] 30#30: exit
2024/10/16 05:55:57 [notice] 1#1: signal 17 (SIGCHLD) received from 20
2024/10/16 05:55:57 [notice] 1#1: worker process 20 exited with code 0
2024/10/16 05:55:57 [notice] 1#1: worker process 21 exited with code 0
2024/10/16 05:55:57 [notice] 1#1: worker process 22 exited with code 0
2024/10/16 05:55:57 [notice] 1#1: worker process 23 exited with code 0
2024/10/16 05:55:57 [notice] 1#1: worker process 24 exited with code 0
2024/10/16 05:55:57 [notice] 1#1: worker process 25 exited with code 0
2024/10/16 05:55:57 [notice] 1#1: worker process 26 exited with code 0
2024/10/16 05:55:57 [notice] 1#1: worker process 27 exited with code 0
2024/10/16 05:55:57 [notice] 1#1: worker process 29 exited with code 0
2024/10/16 05:55:57 [notice] 1#1: worker process 30 exited with code 0
2024/10/16 05:55:57 [notice] 1#1: worker process 31 exited with code 0
2024/10/16 05:55:57 [notice] 1#1: signal 29 (SIGIO) received
2024/10/16 05:55:57 [notice] 1#1: signal 17 (SIGCHLD) received from 27
2024/10/16 05:55:57 [notice] 1#1: worker process 28 exited with code 0
2024/10/16 05:55:57 [notice] 1#1: exit
2024/10/16 05:56:08 [notice] 1#1: using the "epoll" event method
2024/10/16 05:56:08 [notice] 1#1: nginx/1.27.2
2024/10/16 05:56:08 [notice] 1#1: built by gcc 13.2.1 20240309 (Alpine 13.2.1_git20240309) 
2024/10/16 05:56:08 [notice] 1#1: OS: Linux 6.10.4-linuxkit
2024/10/16 05:56:08 [notice] 1#1: getrlimit(RLIMIT_NOFILE): 1048576:1048576
2024/10/16 05:56:08 [notice] 1#1: start worker processes
2024/10/16 05:56:08 [notice] 1#1: start worker process 19
2024/10/16 05:56:08 [notice] 1#1: start worker process 20
2024/10/16 05:56:08 [notice] 1#1: start worker process 21
2024/10/16 05:56:08 [notice] 1#1: start worker process 22
2024/10/16 05:56:08 [notice] 1#1: start worker process 23
2024/10/16 05:56:08 [notice] 1#1: start worker process 24
2024/10/16 05:56:08 [notice] 1#1: start worker process 25
2024/10/16 05:56:08 [notice] 1#1: start worker process 26
2024/10/16 05:56:08 [notice] 1#1: start worker process 27
2024/10/16 05:56:08 [notice] 1#1: start worker process 28
2024/10/16 05:56:08 [notice] 1#1: start worker process 29
2024/10/16 05:56:08 [notice] 1#1: start worker process 30
2024/10/16 06:08:41 [notice] 1#1: signal 3 (SIGQUIT) received, shutting down
2024/10/16 06:08:41 [notice] 19#19: gracefully shutting down
2024/10/16 06:08:41 [notice] 20#20: gracefully shutting down
2024/10/16 06:08:41 [notice] 24#24: gracefully shutting down
2024/10/16 06:08:41 [notice] 21#21: gracefully shutting down
2024/10/16 06:08:41 [notice] 24#24: exiting
2024/10/16 06:08:41 [notice] 19#19: exiting
2024/10/16 06:08:41 [notice] 22#22: gracefully shutting down
2024/10/16 06:08:41 [notice] 23#23: gracefully shutting down
2024/10/16 06:08:41 [notice] 25#25: gracefully shutting down
2024/10/16 06:08:41 [notice] 27#27: gracefully shutting down
2024/10/16 06:08:41 [notice] 25#25: exiting
2024/10/16 06:08:41 [notice] 28#28: gracefully shutting down
2024/10/16 06:08:41 [notice] 29#29: gracefully shutting down
2024/10/16 06:08:41 [notice] 20#20: exiting
2024/10/16 06:08:41 [notice] 28#28: exiting
2024/10/16 06:08:41 [notice] 26#26: gracefully shutting down
2024/10/16 06:08:41 [notice] 26#26: exiting
2024/10/16 06:08:41 [notice] 30#30: gracefully shutting down
2024/10/16 06:08:41 [notice] 26#26: exit
2024/10/16 06:08:41 [notice] 21#21: exiting
2024/10/16 06:08:41 [notice] 24#24: exit
2024/10/16 06:08:41 [notice] 19#19: exit
2024/10/16 06:08:41 [notice] 22#22: exiting
2024/10/16 06:08:41 [notice] 23#23: exiting
2024/10/16 06:08:41 [notice] 27#27: exiting
2024/10/16 06:08:41 [notice] 25#25: exit
2024/10/16 06:08:41 [notice] 29#29: exiting
2024/10/16 06:08:41 [notice] 20#20: exit
2024/10/16 06:08:41 [notice] 29#29: exit
2024/10/16 06:08:41 [notice] 28#28: exit
2024/10/16 06:08:41 [notice] 30#30: exiting
2024/10/16 06:08:41 [notice] 21#21: exit
2024/10/16 06:08:41 [notice] 22#22: exit
2024/10/16 06:08:41 [notice] 23#23: exit
2024/10/16 06:08:41 [notice] 27#27: exit
2024/10/16 06:08:41 [notice] 30#30: exit
2024/10/16 06:08:41 [notice] 1#1: signal 17 (SIGCHLD) received from 25
2024/10/16 06:08:41 [notice] 1#1: worker process 20 exited with code 0
2024/10/16 06:08:41 [notice] 1#1: worker process 24 exited with code 0
2024/10/16 06:08:41 [notice] 1#1: worker process 25 exited with code 0
2024/10/16 06:08:41 [notice] 1#1: worker process 26 exited with code 0
2024/10/16 06:08:41 [notice] 1#1: signal 29 (SIGIO) received
2024/10/16 06:08:41 [notice] 1#1: signal 17 (SIGCHLD) received from 20
2024/10/16 06:08:41 [notice] 1#1: signal 17 (SIGCHLD) received from 21
2024/10/16 06:08:41 [notice] 1#1: worker process 19 exited with code 0
2024/10/16 06:08:41 [notice] 1#1: worker process 21 exited with code 0
2024/10/16 06:08:41 [notice] 1#1: worker process 27 exited with code 0
2024/10/16 06:08:41 [notice] 1#1: worker process 28 exited with code 0
2024/10/16 06:08:41 [notice] 1#1: worker process 29 exited with code 0
2024/10/16 06:08:41 [notice] 1#1: worker process 30 exited with code 0
2024/10/16 06:08:41 [notice] 1#1: signal 29 (SIGIO) received
2024/10/16 06:08:41 [notice] 1#1: signal 17 (SIGCHLD) received from 27
2024/10/16 06:08:41 [notice] 1#1: signal 17 (SIGCHLD) received from 22
2024/10/16 06:08:41 [notice] 1#1: worker process 22 exited with code 0
2024/10/16 06:08:41 [notice] 1#1: worker process 23 exited with code 0
2024/10/16 06:08:41 [notice] 1#1: exit
2024/10/16 06:08:57 [notice] 1#1: using the "epoll" event method
2024/10/16 06:08:57 [notice] 1#1: nginx/1.27.2
2024/10/16 06:08:57 [notice] 1#1: built by gcc 13.2.1 20240309 (Alpine 13.2.1_git20240309) 
2024/10/16 06:08:57 [notice] 1#1: OS: Linux 6.10.4-linuxkit
2024/10/16 06:08:57 [notice] 1#1: getrlimit(RLIMIT_NOFILE): 1048576:1048576
2024/10/16 06:08:57 [notice] 1#1: start worker processes
2024/10/16 06:08:57 [notice] 1#1: start worker process 20
2024/10/16 06:08:57 [notice] 1#1: start worker process 21
2024/10/16 06:08:57 [notice] 1#1: start worker process 22
2024/10/16 06:08:57 [notice] 1#1: start worker process 23
2024/10/16 06:08:57 [notice] 1#1: start worker process 24
2024/10/16 06:08:57 [notice] 1#1: start worker process 25
2024/10/16 06:08:57 [notice] 1#1: start worker process 26
2024/10/16 06:08:57 [notice] 1#1: start worker process 27
2024/10/16 06:08:57 [notice] 1#1: start worker process 28
2024/10/16 06:08:57 [notice] 1#1: start worker process 29
2024/10/16 06:08:57 [notice] 1#1: start worker process 30
2024/10/16 06:08:57 [notice] 1#1: start worker process 31
2024/10/16 06:13:07 [notice] 1#1: signal 3 (SIGQUIT) received, shutting down
2024/10/16 06:13:07 [notice] 20#20: gracefully shutting down
2024/10/16 06:13:07 [notice] 23#23: gracefully shutting down
2024/10/16 06:13:07 [notice] 21#21: gracefully shutting down
2024/10/16 06:13:07 [notice] 21#21: exiting
2024/10/16 06:13:07 [notice] 22#22: gracefully shutting down
2024/10/16 06:13:07 [notice] 22#22: exiting
2024/10/16 06:13:07 [notice] 24#24: gracefully shutting down
2024/10/16 06:13:07 [notice] 24#24: exiting
2024/10/16 06:13:07 [notice] 20#20: exiting
2024/10/16 06:13:07 [notice] 25#25: gracefully shutting down
2024/10/16 06:13:07 [notice] 25#25: exiting
2024/10/16 06:13:07 [notice] 26#26: gracefully shutting down
2024/10/16 06:13:07 [notice] 26#26: exiting
2024/10/16 06:13:07 [notice] 27#27: gracefully shutting down
2024/10/16 06:13:07 [notice] 27#27: exiting
2024/10/16 06:13:07 [notice] 28#28: gracefully shutting down
2024/10/16 06:13:07 [notice] 28#28: exiting
2024/10/16 06:13:07 [notice] 29#29: gracefully shutting down
2024/10/16 06:13:07 [notice] 29#29: exiting
2024/10/16 06:13:07 [notice] 23#23: exiting
2024/10/16 06:13:07 [notice] 29#29: exit
2024/10/16 06:13:07 [notice] 30#30: gracefully shutting down
2024/10/16 06:13:07 [notice] 30#30: exiting
2024/10/16 06:13:07 [notice] 31#31: gracefully shutting down
2024/10/16 06:13:07 [notice] 21#21: exit
2024/10/16 06:13:07 [notice] 22#22: exit
2024/10/16 06:13:07 [notice] 24#24: exit
2024/10/16 06:13:07 [notice] 20#20: exit
2024/10/16 06:13:07 [notice] 25#25: exit
2024/10/16 06:13:07 [notice] 26#26: exit
2024/10/16 06:13:07 [notice] 27#27: exit
2024/10/16 06:13:07 [notice] 28#28: exit
2024/10/16 06:13:07 [notice] 23#23: exit
2024/10/16 06:13:07 [notice] 30#30: exit
2024/10/16 06:13:07 [notice] 31#31: exiting
2024/10/16 06:13:07 [notice] 31#31: exit
2024/10/16 06:13:07 [notice] 1#1: signal 17 (SIGCHLD) received from 24
2024/10/16 06:13:07 [notice] 1#1: worker process 21 exited with code 0
2024/10/16 06:13:07 [notice] 1#1: worker process 24 exited with code 0
2024/10/16 06:13:07 [notice] 1#1: signal 29 (SIGIO) received
2024/10/16 06:13:07 [notice] 1#1: signal 17 (SIGCHLD) received from 29
2024/10/16 06:13:07 [notice] 1#1: worker process 20 exited with code 0
2024/10/16 06:13:07 [notice] 1#1: worker process 22 exited with code 0
2024/10/16 06:13:07 [notice] 1#1: worker process 23 exited with code 0
2024/10/16 06:13:07 [notice] 1#1: worker process 25 exited with code 0
2024/10/16 06:13:07 [notice] 1#1: worker process 27 exited with code 0
2024/10/16 06:13:07 [notice] 1#1: worker process 28 exited with code 0
2024/10/16 06:13:07 [notice] 1#1: worker process 29 exited with code 0
2024/10/16 06:13:07 [notice] 1#1: worker process 30 exited with code 0
2024/10/16 06:13:07 [notice] 1#1: worker process 31 exited with code 0
2024/10/16 06:13:07 [notice] 1#1: signal 29 (SIGIO) received
2024/10/16 06:13:07 [notice] 1#1: signal 17 (SIGCHLD) received from 28
2024/10/16 06:13:07 [notice] 1#1: signal 17 (SIGCHLD) received from 26
2024/10/16 06:13:07 [notice] 1#1: worker process 26 exited with code 0
2024/10/16 06:13:07 [notice] 1#1: exit
2024/10/16 06:18:58 [notice] 1#1: using the "epoll" event method
2024/10/16 06:18:58 [notice] 1#1: nginx/1.27.2
2024/10/16 06:18:58 [notice] 1#1: built by gcc 13.2.1 20240309 (Alpine 13.2.1_git20240309) 
2024/10/16 06:18:58 [notice] 1#1: OS: Linux 6.10.4-linuxkit
2024/10/16 06:18:58 [notice] 1#1: getrlimit(RLIMIT_NOFILE): 1048576:1048576
2024/10/16 06:18:58 [notice] 1#1: start worker processes
2024/10/16 06:18:58 [notice] 1#1: start worker process 20
2024/10/16 06:18:58 [notice] 1#1: start worker process 21
2024/10/16 06:18:58 [notice] 1#1: start worker process 22
2024/10/16 06:18:58 [notice] 1#1: start worker process 23
2024/10/16 06:18:58 [notice] 1#1: start worker process 24
2024/10/16 06:18:58 [notice] 1#1: start worker process 25
2024/10/16 06:18:58 [notice] 1#1: start worker process 26
2024/10/16 06:18:58 [notice] 1#1: start worker process 27
2024/10/16 06:18:58 [notice] 1#1: start worker process 28
2024/10/16 06:18:58 [notice] 1#1: start worker process 29
2024/10/16 06:18:58 [notice] 1#1: start worker process 30
2024/10/16 06:18:58 [notice] 1#1: start worker process 31
2024/10/16 06:26:47 [notice] 1#1: signal 3 (SIGQUIT) received, shutting down
2024/10/16 06:26:47 [notice] 20#20: gracefully shutting down
2024/10/16 06:26:47 [notice] 24#24: gracefully shutting down
2024/10/16 06:26:47 [notice] 21#21: gracefully shutting down
2024/10/16 06:26:47 [notice] 21#21: exiting
2024/10/16 06:26:47 [notice] 22#22: gracefully shutting down
2024/10/16 06:26:47 [notice] 21#21: exit
2024/10/16 06:26:47 [notice] 23#23: gracefully shutting down
2024/10/16 06:26:47 [notice] 23#23: exiting
2024/10/16 06:26:47 [notice] 20#20: exiting
2024/10/16 06:26:47 [notice] 25#25: gracefully shutting down
2024/10/16 06:26:47 [notice] 25#25: exiting
2024/10/16 06:26:47 [notice] 27#27: gracefully shutting down
2024/10/16 06:26:47 [notice] 27#27: exiting
2024/10/16 06:26:47 [notice] 30#30: gracefully shutting down
2024/10/16 06:26:47 [notice] 30#30: exiting
2024/10/16 06:26:47 [notice] 29#29: gracefully shutting down
2024/10/16 06:26:47 [notice] 29#29: exiting
2024/10/16 06:26:47 [notice] 26#26: gracefully shutting down
2024/10/16 06:26:47 [notice] 28#28: gracefully shutting down
2024/10/16 06:26:47 [notice] 28#28: exiting
2024/10/16 06:26:47 [notice] 24#24: exiting
2024/10/16 06:26:47 [notice] 31#31: gracefully shutting down
2024/10/16 06:26:47 [notice] 31#31: exiting
2024/10/16 06:26:47 [notice] 22#22: exiting
2024/10/16 06:26:47 [notice] 23#23: exit
2024/10/16 06:26:47 [notice] 20#20: exit
2024/10/16 06:26:47 [notice] 25#25: exit
2024/10/16 06:26:47 [notice] 27#27: exit
2024/10/16 06:26:47 [notice] 30#30: exit
2024/10/16 06:26:47 [notice] 29#29: exit
2024/10/16 06:26:47 [notice] 26#26: exiting
2024/10/16 06:26:47 [notice] 28#28: exit
2024/10/16 06:26:47 [notice] 26#26: exit
2024/10/16 06:26:47 [notice] 24#24: exit
2024/10/16 06:26:47 [notice] 31#31: exit
2024/10/16 06:26:47 [notice] 22#22: exit
2024/10/16 06:26:47 [notice] 1#1: signal 17 (SIGCHLD) received from 21
2024/10/16 06:26:47 [notice] 1#1: worker process 21 exited with code 0
2024/10/16 06:26:47 [notice] 1#1: signal 29 (SIGIO) received
2024/10/16 06:26:47 [notice] 1#1: signal 17 (SIGCHLD) received from 23
2024/10/16 06:26:47 [notice] 1#1: worker process 23 exited with code 0
2024/10/16 06:26:47 [notice] 1#1: worker process 25 exited with code 0
2024/10/16 06:26:47 [notice] 1#1: worker process 27 exited with code 0
2024/10/16 06:26:47 [notice] 1#1: signal 29 (SIGIO) received
2024/10/16 06:26:47 [notice] 1#1: signal 17 (SIGCHLD) received from 24
2024/10/16 06:26:47 [notice] 1#1: worker process 20 exited with code 0
2024/10/16 06:26:47 [notice] 1#1: worker process 22 exited with code 0
2024/10/16 06:26:47 [notice] 1#1: worker process 24 exited with code 0
2024/10/16 06:26:47 [notice] 1#1: worker process 26 exited with code 0
2024/10/16 06:26:47 [notice] 1#1: worker process 28 exited with code 0
2024/10/16 06:26:47 [notice] 1#1: worker process 29 exited with code 0
2024/10/16 06:26:47 [notice] 1#1: worker process 30 exited with code 0
2024/10/16 06:26:47 [notice] 1#1: signal 29 (SIGIO) received
2024/10/16 06:26:47 [notice] 1#1: signal 17 (SIGCHLD) received from 29
2024/10/16 06:26:47 [notice] 1#1: signal 17 (SIGCHLD) received from 31
2024/10/16 06:26:47 [notice] 1#1: worker process 31 exited with code 0
2024/10/16 06:26:47 [notice] 1#1: exit
2024/10/16 06:28:58 [notice] 1#1: using the "epoll" event method
2024/10/16 06:28:58 [notice] 1#1: nginx/1.27.2
2024/10/16 06:28:58 [notice] 1#1: built by gcc 13.2.1 20240309 (Alpine 13.2.1_git20240309) 
2024/10/16 06:28:58 [notice] 1#1: OS: Linux 6.10.4-linuxkit
2024/10/16 06:28:58 [notice] 1#1: getrlimit(RLIMIT_NOFILE): 1048576:1048576
2024/10/16 06:28:58 [notice] 1#1: start worker processes
2024/10/16 06:28:58 [notice] 1#1: start worker process 20
2024/10/16 06:28:58 [notice] 1#1: start worker process 21
2024/10/16 06:28:58 [notice] 1#1: start worker process 22
2024/10/16 06:28:58 [notice] 1#1: start worker process 23
2024/10/16 06:28:58 [notice] 1#1: start worker process 24
2024/10/16 06:28:58 [notice] 1#1: start worker process 25
2024/10/16 06:28:58 [notice] 1#1: start worker process 26
2024/10/16 06:28:58 [notice] 1#1: start worker process 27
2024/10/16 06:28:58 [notice] 1#1: start worker process 28
2024/10/16 06:28:58 [notice] 1#1: start worker process 29
2024/10/16 06:28:58 [notice] 1#1: start worker process 30
2024/10/16 06:28:58 [notice] 1#1: start worker process 31
2024/10/16 07:02:19 [notice] 1#1: signal 3 (SIGQUIT) received, shutting down
2024/10/16 07:02:19 [notice] 20#20: gracefully shutting down
2024/10/16 07:02:19 [notice] 21#21: gracefully shutting down
2024/10/16 07:02:19 [notice] 21#21: exiting
2024/10/16 07:02:19 [notice] 22#22: gracefully shutting down
2024/10/16 07:02:19 [notice] 23#23: gracefully shutting down
2024/10/16 07:02:19 [notice] 24#24: gracefully shutting down
2024/10/16 07:02:19 [notice] 26#26: gracefully shutting down
2024/10/16 07:02:19 [notice] 27#27: gracefully shutting down
2024/10/16 07:02:19 [notice] 26#26: exiting
2024/10/16 07:02:19 [notice] 28#28: gracefully shutting down
2024/10/16 07:02:19 [notice] 25#25: gracefully shutting down
2024/10/16 07:02:19 [notice] 29#29: gracefully shutting down
2024/10/16 07:02:19 [notice] 29#29: exiting
2024/10/16 07:02:19 [notice] 30#30: gracefully shutting down
2024/10/16 07:02:19 [notice] 20#20: exiting
2024/10/16 07:02:19 [notice] 31#31: gracefully shutting down
2024/10/16 07:02:19 [notice] 20#20: exit
2024/10/16 07:02:19 [notice] 22#22: exiting
2024/10/16 07:02:19 [notice] 21#21: exit
2024/10/16 07:02:19 [notice] 23#23: exiting
2024/10/16 07:02:19 [notice] 24#24: exiting
2024/10/16 07:02:19 [notice] 23#23: exit
2024/10/16 07:02:19 [notice] 27#27: exiting
2024/10/16 07:02:19 [notice] 26#26: exit
2024/10/16 07:02:19 [notice] 28#28: exiting
2024/10/16 07:02:19 [notice] 25#25: exiting
2024/10/16 07:02:19 [notice] 28#28: exit
2024/10/16 07:02:19 [notice] 29#29: exit
2024/10/16 07:02:19 [notice] 30#30: exiting
2024/10/16 07:02:19 [notice] 31#31: exiting
2024/10/16 07:02:19 [notice] 22#22: exit
2024/10/16 07:02:19 [notice] 24#24: exit
2024/10/16 07:02:19 [notice] 27#27: exit
2024/10/16 07:02:19 [notice] 25#25: exit
2024/10/16 07:02:19 [notice] 30#30: exit
2024/10/16 07:02:19 [notice] 31#31: exit
2024/10/16 07:02:19 [notice] 1#1: signal 17 (SIGCHLD) received from 20
2024/10/16 07:02:19 [notice] 1#1: worker process 20 exited with code 0
2024/10/16 07:02:19 [notice] 1#1: signal 29 (SIGIO) received
2024/10/16 07:02:19 [notice] 1#1: signal 17 (SIGCHLD) received from 21
2024/10/16 07:02:19 [notice] 1#1: worker process 21 exited with code 0
2024/10/16 07:02:19 [notice] 1#1: worker process 24 exited with code 0
2024/10/16 07:02:19 [notice] 1#1: worker process 25 exited with code 0
2024/10/16 07:02:19 [notice] 1#1: worker process 26 exited with code 0
2024/10/16 07:02:19 [notice] 1#1: worker process 28 exited with code 0
2024/10/16 07:02:19 [notice] 1#1: signal 29 (SIGIO) received
2024/10/16 07:02:19 [notice] 1#1: signal 17 (SIGCHLD) received from 26
2024/10/16 07:02:19 [notice] 1#1: signal 17 (SIGCHLD) received from 23
2024/10/16 07:02:19 [notice] 1#1: worker process 22 exited with code 0
2024/10/16 07:02:19 [notice] 1#1: worker process 23 exited with code 0
2024/10/16 07:02:19 [notice] 1#1: worker process 27 exited with code 0
2024/10/16 07:02:19 [notice] 1#1: worker process 29 exited with code 0
2024/10/16 07:02:19 [notice] 1#1: worker process 30 exited with code 0
2024/10/16 07:02:19 [notice] 1#1: worker process 31 exited with code 0
2024/10/16 07:02:19 [notice] 1#1: exit
2024/10/16 07:36:57 [notice] 1#1: using the "epoll" event method
2024/10/16 07:36:57 [notice] 1#1: nginx/1.27.2
2024/10/16 07:36:57 [notice] 1#1: built by gcc 13.2.1 20240309 (Alpine 13.2.1_git20240309) 
2024/10/16 07:36:57 [notice] 1#1: OS: Linux 6.10.4-linuxkit
2024/10/16 07:36:57 [notice] 1#1: getrlimit(RLIMIT_NOFILE): 1048576:1048576
2024/10/16 07:36:57 [notice] 1#1: start worker processes
2024/10/16 07:36:57 [notice] 1#1: start worker process 20
2024/10/16 07:36:57 [notice] 1#1: start worker process 21
2024/10/16 07:36:57 [notice] 1#1: start worker process 22
2024/10/16 07:36:57 [notice] 1#1: start worker process 23
2024/10/16 07:36:57 [notice] 1#1: start worker process 24
2024/10/16 07:36:57 [notice] 1#1: start worker process 25
2024/10/16 07:36:57 [notice] 1#1: start worker process 26
2024/10/16 07:36:57 [notice] 1#1: start worker process 27
2024/10/16 07:36:57 [notice] 1#1: start worker process 28
2024/10/16 07:36:57 [notice] 1#1: start worker process 29
2024/10/16 07:36:57 [notice] 1#1: start worker process 30
2024/10/16 07:36:57 [notice] 1#1: start worker process 31
2024/10/16 12:22:49 [notice] 1#1: signal 3 (SIGQUIT) received, shutting down
2024/10/16 12:22:49 [notice] 20#20: gracefully shutting down
2024/10/16 12:22:49 [notice] 25#25: gracefully shutting down
2024/10/16 12:22:49 [notice] 23#23: gracefully shutting down
2024/10/16 12:22:49 [notice] 23#23: exiting
2024/10/16 12:22:49 [notice] 26#26: gracefully shutting down
2024/10/16 12:22:49 [notice] 21#21: gracefully shutting down
2024/10/16 12:22:49 [notice] 21#21: exiting
2024/10/16 12:22:49 [notice] 30#30: gracefully shutting down
2024/10/16 12:22:49 [notice] 20#20: exiting
2024/10/16 12:22:49 [notice] 31#31: gracefully shutting down
2024/10/16 12:22:49 [notice] 22#22: gracefully shutting down
2024/10/16 12:22:49 [notice] 28#28: gracefully shutting down
2024/10/16 12:22:49 [notice] 21#21: exit
2024/10/16 12:22:49 [notice] 27#27: gracefully shutting down
2024/10/16 12:22:49 [notice] 27#27: exiting
2024/10/16 12:22:49 [notice] 29#29: gracefully shutting down
2024/10/16 12:22:49 [notice] 27#27: exit
2024/10/16 12:22:49 [notice] 24#24: gracefully shutting down
2024/10/16 12:22:49 [notice] 25#25: exiting
2024/10/16 12:22:49 [notice] 26#26: exiting
2024/10/16 12:22:49 [notice] 23#23: exit
2024/10/16 12:22:49 [notice] 30#30: exiting
2024/10/16 12:22:49 [notice] 25#25: exit
2024/10/16 12:22:49 [notice] 20#20: exit
2024/10/16 12:22:49 [notice] 31#31: exiting
2024/10/16 12:22:49 [notice] 28#28: exiting
2024/10/16 12:22:49 [notice] 22#22: exiting
2024/10/16 12:22:49 [notice] 29#29: exiting
2024/10/16 12:22:49 [notice] 24#24: exiting
2024/10/16 12:22:49 [notice] 28#28: exit
2024/10/16 12:22:49 [notice] 26#26: exit
2024/10/16 12:22:49 [notice] 30#30: exit
2024/10/16 12:22:49 [notice] 31#31: exit
2024/10/16 12:22:49 [notice] 22#22: exit
2024/10/16 12:22:49 [notice] 29#29: exit
2024/10/16 12:22:49 [notice] 24#24: exit
2024/10/16 12:22:49 [notice] 1#1: signal 17 (SIGCHLD) received from 27
2024/10/16 12:22:49 [notice] 1#1: worker process 20 exited with code 0
2024/10/16 12:22:49 [notice] 1#1: worker process 21 exited with code 0
2024/10/16 12:22:49 [notice] 1#1: worker process 22 exited with code 0
2024/10/16 12:22:49 [notice] 1#1: worker process 23 exited with code 0
2024/10/16 12:22:49 [notice] 1#1: worker process 25 exited with code 0
2024/10/16 12:22:49 [notice] 1#1: worker process 27 exited with code 0
2024/10/16 12:22:49 [notice] 1#1: worker process 29 exited with code 0
2024/10/16 12:22:49 [notice] 1#1: worker process 30 exited with code 0
2024/10/16 12:22:49 [notice] 1#1: worker process 31 exited with code 0
2024/10/16 12:22:49 [notice] 1#1: signal 29 (SIGIO) received
2024/10/16 12:22:49 [notice] 1#1: signal 17 (SIGCHLD) received from 30
2024/10/16 12:22:49 [notice] 1#1: signal 17 (SIGCHLD) received from 28
2024/10/16 12:22:49 [notice] 1#1: worker process 28 exited with code 0
2024/10/16 12:22:49 [notice] 1#1: signal 29 (SIGIO) received
2024/10/16 12:22:49 [notice] 1#1: signal 17 (SIGCHLD) received from 26
2024/10/16 12:22:49 [notice] 1#1: worker process 24 exited with code 0
2024/10/16 12:22:49 [notice] 1#1: worker process 26 exited with code 0
2024/10/16 12:22:49 [notice] 1#1: exit
2024/10/16 12:22:51 [notice] 1#1: using the "epoll" event method
2024/10/16 12:22:51 [notice] 1#1: nginx/1.27.2
2024/10/16 12:22:51 [notice] 1#1: built by gcc 13.2.1 20240309 (Alpine 13.2.1_git20240309) 
2024/10/16 12:22:51 [notice] 1#1: OS: Linux 6.10.4-linuxkit
2024/10/16 12:22:51 [notice] 1#1: getrlimit(RLIMIT_NOFILE): 1048576:1048576
2024/10/16 12:22:51 [notice] 1#1: start worker processes
2024/10/16 12:22:51 [notice] 1#1: start worker process 20
2024/10/16 12:22:51 [notice] 1#1: start worker process 21
2024/10/16 12:22:51 [notice] 1#1: start worker process 22
2024/10/16 12:22:51 [notice] 1#1: start worker process 23
2024/10/16 12:22:51 [notice] 1#1: start worker process 24
2024/10/16 12:22:51 [notice] 1#1: start worker process 25
2024/10/16 12:22:51 [notice] 1#1: start worker process 26
2024/10/16 12:22:51 [notice] 1#1: start worker process 27
2024/10/16 12:22:51 [notice] 1#1: start worker process 28
2024/10/16 12:22:51 [notice] 1#1: start worker process 29
2024/10/16 12:22:51 [notice] 1#1: start worker process 30
2024/10/16 12:22:51 [notice] 1#1: start worker process 31
2024/10/16 12:24:57 [notice] 1#1: using the "epoll" event method
2024/10/16 12:24:57 [notice] 1#1: nginx/1.27.2
2024/10/16 12:24:57 [notice] 1#1: built by gcc 13.2.1 20240309 (Alpine 13.2.1_git20240309) 
2024/10/16 12:24:57 [notice] 1#1: OS: Linux 6.10.4-linuxkit
2024/10/16 12:24:57 [notice] 1#1: getrlimit(RLIMIT_NOFILE): 1048576:1048576
2024/10/16 12:24:57 [notice] 1#1: start worker processes
2024/10/16 12:24:57 [notice] 1#1: start worker process 20
2024/10/16 12:24:57 [notice] 1#1: start worker process 21
2024/10/16 12:24:57 [notice] 1#1: start worker process 22
2024/10/16 12:24:57 [notice] 1#1: start worker process 23
2024/10/16 12:24:57 [notice] 1#1: start worker process 24
2024/10/16 12:24:57 [notice] 1#1: start worker process 25
2024/10/16 12:24:57 [notice] 1#1: start worker process 26
2024/10/16 12:24:57 [notice] 1#1: start worker process 27
2024/10/16 12:24:57 [notice] 1#1: start worker process 28
2024/10/16 12:24:57 [notice] 1#1: start worker process 29
2024/10/16 12:24:57 [notice] 1#1: start worker process 30
2024/10/16 12:24:57 [notice] 1#1: start worker process 31
2024/10/16 12:45:03 [notice] 1#1: signal 3 (SIGQUIT) received, shutting down
2024/10/16 12:45:03 [notice] 20#20: gracefully shutting down
2024/10/16 12:45:03 [notice] 24#24: gracefully shutting down
2024/10/16 12:45:03 [notice] 21#21: gracefully shutting down
2024/10/16 12:45:03 [notice] 21#21: exiting
2024/10/16 12:45:03 [notice] 22#22: gracefully shutting down
2024/10/16 12:45:03 [notice] 21#21: exit
2024/10/16 12:45:03 [notice] 23#23: gracefully shutting down
2024/10/16 12:45:03 [notice] 20#20: exiting
2024/10/16 12:45:03 [notice] 25#25: gracefully shutting down
2024/10/16 12:45:03 [notice] 20#20: exit
2024/10/16 12:45:03 [notice] 26#26: gracefully shutting down
2024/10/16 12:45:03 [notice] 27#27: gracefully shutting down
2024/10/16 12:45:03 [notice] 28#28: gracefully shutting down
2024/10/16 12:45:03 [notice] 28#28: exiting
2024/10/16 12:45:03 [notice] 29#29: gracefully shutting down
2024/10/16 12:45:03 [notice] 29#29: exiting
2024/10/16 12:45:03 [notice] 30#30: gracefully shutting down
2024/10/16 12:45:03 [notice] 30#30: exiting
2024/10/16 12:45:03 [notice] 24#24: exiting
2024/10/16 12:45:03 [notice] 31#31: gracefully shutting down
2024/10/16 12:45:03 [notice] 22#22: exiting
2024/10/16 12:45:03 [notice] 23#23: exiting
2024/10/16 12:45:03 [notice] 25#25: exiting
2024/10/16 12:45:03 [notice] 26#26: exiting
2024/10/16 12:45:03 [notice] 27#27: exiting
2024/10/16 12:45:03 [notice] 28#28: exit
2024/10/16 12:45:03 [notice] 27#27: exit
2024/10/16 12:45:03 [notice] 29#29: exit
2024/10/16 12:45:03 [notice] 30#30: exit
2024/10/16 12:45:03 [notice] 24#24: exit
2024/10/16 12:45:03 [notice] 31#31: exiting
2024/10/16 12:45:03 [notice] 22#22: exit
2024/10/16 12:45:03 [notice] 31#31: exit
2024/10/16 12:45:03 [notice] 23#23: exit
2024/10/16 12:45:03 [notice] 25#25: exit
2024/10/16 12:45:03 [notice] 26#26: exit
2024/10/16 12:45:03 [notice] 1#1: signal 17 (SIGCHLD) received from 20
2024/10/16 12:45:03 [notice] 1#1: worker process 20 exited with code 0
2024/10/16 12:45:03 [notice] 1#1: signal 29 (SIGIO) received
2024/10/16 12:45:03 [notice] 1#1: signal 17 (SIGCHLD) received from 21
2024/10/16 12:45:03 [notice] 1#1: worker process 21 exited with code 0
2024/10/16 12:45:03 [notice] 1#1: worker process 22 exited with code 0
2024/10/16 12:45:03 [notice] 1#1: worker process 23 exited with code 0
2024/10/16 12:45:03 [notice] 1#1: signal 29 (SIGIO) received
2024/10/16 12:45:03 [notice] 1#1: signal 17 (SIGCHLD) received from 22
2024/10/16 12:45:03 [notice] 1#1: signal 17 (SIGCHLD) received from 27
2024/10/16 12:45:03 [notice] 1#1: worker process 24 exited with code 0
2024/10/16 12:45:03 [notice] 1#1: worker process 25 exited with code 0
2024/10/16 12:45:03 [notice] 1#1: worker process 26 exited with code 0
2024/10/16 12:45:03 [notice] 1#1: worker process 27 exited with code 0
2024/10/16 12:45:03 [notice] 1#1: worker process 28 exited with code 0
2024/10/16 12:45:03 [notice] 1#1: worker process 29 exited with code 0
2024/10/16 12:45:03 [notice] 1#1: worker process 30 exited with code 0
2024/10/16 12:45:03 [notice] 1#1: worker process 31 exited with code 0
2024/10/16 12:45:03 [notice] 1#1: exit
2024/10/16 12:45:20 [emerg] 1#1: host not found in upstream "server" in /etc/nginx/conf.d/server.conf:14
2024/10/16 12:47:44 [notice] 1#1: using the "epoll" event method
2024/10/16 12:47:44 [notice] 1#1: nginx/1.27.2
2024/10/16 12:47:44 [notice] 1#1: built by gcc 13.2.1 20240309 (Alpine 13.2.1_git20240309) 
2024/10/16 12:47:44 [notice] 1#1: OS: Linux 6.10.4-linuxkit
2024/10/16 12:47:44 [notice] 1#1: getrlimit(RLIMIT_NOFILE): 1048576:1048576
2024/10/16 12:47:44 [notice] 1#1: start worker processes
2024/10/16 12:47:44 [notice] 1#1: start worker process 20
2024/10/16 12:47:44 [notice] 1#1: start worker process 21
2024/10/16 12:47:44 [notice] 1#1: start worker process 22
2024/10/16 12:47:44 [notice] 1#1: start worker process 23
2024/10/16 12:47:44 [notice] 1#1: start worker process 24
2024/10/16 12:47:44 [notice] 1#1: start worker process 25
2024/10/16 12:47:44 [notice] 1#1: start worker process 26
2024/10/16 12:47:44 [notice] 1#1: start worker process 27
2024/10/16 12:47:44 [notice] 1#1: start worker process 28
2024/10/16 12:47:44 [notice] 1#1: start worker process 29
2024/10/16 12:47:44 [notice] 1#1: start worker process 30
2024/10/16 12:47:44 [notice] 1#1: start worker process 31
2024/10/16 12:47:58 [notice] 1#1: signal 3 (SIGQUIT) received, shutting down
2024/10/16 12:47:58 [notice] 20#20: gracefully shutting down
2024/10/16 12:47:58 [notice] 21#21: gracefully shutting down
2024/10/16 12:47:58 [notice] 21#21: exiting
2024/10/16 12:47:58 [notice] 22#22: gracefully shutting down
2024/10/16 12:47:58 [notice] 21#21: exit
2024/10/16 12:47:58 [notice] 23#23: gracefully shutting down
2024/10/16 12:47:58 [notice] 24#24: gracefully shutting down
2024/10/16 12:47:58 [notice] 24#24: exiting
2024/10/16 12:47:58 [notice] 25#25: gracefully shutting down
2024/10/16 12:47:58 [notice] 25#25: exiting
2024/10/16 12:47:58 [notice] 27#27: gracefully shutting down
2024/10/16 12:47:58 [notice] 26#26: gracefully shutting down
2024/10/16 12:47:58 [notice] 26#26: exiting
2024/10/16 12:47:58 [notice] 28#28: gracefully shutting down
2024/10/16 12:47:58 [notice] 28#28: exiting
2024/10/16 12:47:58 [notice] 20#20: exiting
2024/10/16 12:47:58 [notice] 29#29: gracefully shutting down
2024/10/16 12:47:58 [notice] 29#29: exiting
2024/10/16 12:47:58 [notice] 30#30: gracefully shutting down
2024/10/16 12:47:58 [notice] 29#29: exit
2024/10/16 12:47:58 [notice] 31#31: gracefully shutting down
2024/10/16 12:47:58 [notice] 31#31: exiting
2024/10/16 12:47:58 [notice] 22#22: exiting
2024/10/16 12:47:58 [notice] 23#23: exiting
2024/10/16 12:47:58 [notice] 24#24: exit
2024/10/16 12:47:58 [notice] 25#25: exit
2024/10/16 12:47:58 [notice] 27#27: exiting
2024/10/16 12:47:58 [notice] 26#26: exit
2024/10/16 12:47:58 [notice] 28#28: exit
2024/10/16 12:47:58 [notice] 20#20: exit
2024/10/16 12:47:58 [notice] 30#30: exiting
2024/10/16 12:47:58 [notice] 31#31: exit
2024/10/16 12:47:58 [notice] 22#22: exit
2024/10/16 12:47:58 [notice] 23#23: exit
2024/10/16 12:47:58 [notice] 27#27: exit
2024/10/16 12:47:58 [notice] 30#30: exit
2024/10/16 12:47:58 [notice] 1#1: signal 17 (SIGCHLD) received from 25
2024/10/16 12:47:58 [notice] 1#1: worker process 21 exited with code 0
2024/10/16 12:47:58 [notice] 1#1: worker process 25 exited with code 0
2024/10/16 12:47:58 [notice] 1#1: signal 29 (SIGIO) received
2024/10/16 12:47:58 [notice] 1#1: signal 17 (SIGCHLD) received from 29
2024/10/16 12:47:58 [notice] 1#1: worker process 20 exited with code 0
2024/10/16 12:47:58 [notice] 1#1: worker process 22 exited with code 0
2024/10/16 12:47:58 [notice] 1#1: worker process 23 exited with code 0
2024/10/16 12:47:58 [notice] 1#1: worker process 24 exited with code 0
2024/10/16 12:47:58 [notice] 1#1: worker process 27 exited with code 0
2024/10/16 12:47:58 [notice] 1#1: worker process 28 exited with code 0
2024/10/16 12:47:58 [notice] 1#1: worker process 29 exited with code 0
2024/10/16 12:47:58 [notice] 1#1: worker process 30 exited with code 0
2024/10/16 12:47:58 [notice] 1#1: worker process 31 exited with code 0
2024/10/16 12:47:58 [notice] 1#1: signal 29 (SIGIO) received
2024/10/16 12:47:58 [notice] 1#1: signal 17 (SIGCHLD) received from 31
2024/10/16 12:47:58 [notice] 1#1: signal 17 (SIGCHLD) received from 26
2024/10/16 12:47:58 [notice] 1#1: worker process 26 exited with code 0
2024/10/16 12:47:58 [notice] 1#1: exit
2024/10/16 12:48:26 [notice] 1#1: using the "epoll" event method
2024/10/16 12:48:26 [notice] 1#1: nginx/1.27.2
2024/10/16 12:48:26 [notice] 1#1: built by gcc 13.2.1 20240309 (Alpine 13.2.1_git20240309) 
2024/10/16 12:48:26 [notice] 1#1: OS: Linux 6.10.4-linuxkit
2024/10/16 12:48:26 [notice] 1#1: getrlimit(RLIMIT_NOFILE): 1048576:1048576
2024/10/16 12:48:26 [notice] 1#1: start worker processes
2024/10/16 12:48:26 [notice] 1#1: start worker process 20
2024/10/16 12:48:26 [notice] 1#1: start worker process 21
2024/10/16 12:48:26 [notice] 1#1: start worker process 22
2024/10/16 12:48:26 [notice] 1#1: start worker process 23
2024/10/16 12:48:26 [notice] 1#1: start worker process 24
2024/10/16 12:48:26 [notice] 1#1: start worker process 25
2024/10/16 12:48:26 [notice] 1#1: start worker process 26
2024/10/16 12:48:26 [notice] 1#1: start worker process 27
2024/10/16 12:48:26 [notice] 1#1: start worker process 28
2024/10/16 12:48:26 [notice] 1#1: start worker process 29
2024/10/16 12:48:26 [notice] 1#1: start worker process 30
2024/10/16 12:48:26 [notice] 1#1: start worker process 31
2024/10/16 13:01:02 [notice] 1#1: signal 3 (SIGQUIT) received, shutting down
2024/10/16 13:01:02 [notice] 20#20: gracefully shutting down
2024/10/16 13:01:02 [notice] 29#29: gracefully shutting down
2024/10/16 13:01:02 [notice] 22#22: gracefully shutting down
2024/10/16 13:01:02 [notice] 22#22: exiting
2024/10/16 13:01:02 [notice] 21#21: gracefully shutting down
2024/10/16 13:01:02 [notice] 21#21: exiting
2024/10/16 13:01:02 [notice] 23#23: gracefully shutting down
2024/10/16 13:01:02 [notice] 23#23: exiting
2024/10/16 13:01:02 [notice] 24#24: gracefully shutting down
2024/10/16 13:01:02 [notice] 25#25: gracefully shutting down
2024/10/16 13:01:02 [notice] 25#25: exiting
2024/10/16 13:01:02 [notice] 26#26: gracefully shutting down
2024/10/16 13:01:02 [notice] 26#26: exiting
2024/10/16 13:01:02 [notice] 27#27: gracefully shutting down
2024/10/16 13:01:02 [notice] 27#27: exiting
2024/10/16 13:01:02 [notice] 28#28: gracefully shutting down
2024/10/16 13:01:02 [notice] 28#28: exiting
2024/10/16 13:01:02 [notice] 30#30: gracefully shutting down
2024/10/16 13:01:02 [notice] 30#30: exiting
2024/10/16 13:01:02 [notice] 20#20: exiting
2024/10/16 13:01:02 [notice] 31#31: gracefully shutting down
2024/10/16 13:01:02 [notice] 31#31: exiting
2024/10/16 13:01:02 [notice] 29#29: exiting
2024/10/16 13:01:02 [notice] 22#22: exit
2024/10/16 13:01:02 [notice] 21#21: exit
2024/10/16 13:01:02 [notice] 23#23: exit
2024/10/16 13:01:02 [notice] 24#24: exiting
2024/10/16 13:01:02 [notice] 25#25: exit
2024/10/16 13:01:02 [notice] 26#26: exit
2024/10/16 13:01:02 [notice] 27#27: exit
2024/10/16 13:01:02 [notice] 28#28: exit
2024/10/16 13:01:02 [notice] 30#30: exit
2024/10/16 13:01:02 [notice] 20#20: exit
2024/10/16 13:01:02 [notice] 31#31: exit
2024/10/16 13:01:02 [notice] 29#29: exit
2024/10/16 13:01:02 [notice] 24#24: exit
2024/10/16 13:01:02 [notice] 1#1: signal 17 (SIGCHLD) received from 22
2024/10/16 13:01:02 [notice] 1#1: worker process 22 exited with code 0
2024/10/16 13:01:02 [notice] 1#1: worker process 23 exited with code 0
2024/10/16 13:01:02 [notice] 1#1: signal 29 (SIGIO) received
2024/10/16 13:01:02 [notice] 1#1: signal 17 (SIGCHLD) received from 23
2024/10/16 13:01:02 [notice] 1#1: signal 17 (SIGCHLD) received from 25
2024/10/16 13:01:02 [notice] 1#1: worker process 20 exited with code 0
2024/10/16 13:01:02 [notice] 1#1: worker process 21 exited with code 0
2024/10/16 13:01:02 [notice] 1#1: worker process 25 exited with code 0
2024/10/16 13:01:02 [notice] 1#1: worker process 28 exited with code 0
2024/10/16 13:01:02 [notice] 1#1: worker process 30 exited with code 0
2024/10/16 13:01:02 [notice] 1#1: signal 29 (SIGIO) received
2024/10/16 13:01:02 [notice] 1#1: signal 17 (SIGCHLD) received from 21
2024/10/16 13:01:02 [notice] 1#1: signal 17 (SIGCHLD) received from 29
2024/10/16 13:01:02 [notice] 1#1: worker process 24 exited with code 0
2024/10/16 13:01:02 [notice] 1#1: worker process 26 exited with code 0
2024/10/16 13:01:02 [notice] 1#1: worker process 27 exited with code 0
2024/10/16 13:01:02 [notice] 1#1: worker process 29 exited with code 0
2024/10/16 13:01:02 [notice] 1#1: worker process 31 exited with code 0
2024/10/16 13:01:02 [notice] 1#1: exit
